<?xml version="1.0" encoding="UTF-8"?>
<!-- Generated by org.testng.reporters.JUnitXMLReporter -->
<testsuite hostname="ganesh" name="Default test" tests="6" failures="0" timestamp="10 Nov 2019 07:11:01 GMT" time="21.058" errors="0">
  <testcase name="registration" time="6.297" classname="BasicSelenium.NewToursBasicTestcases"/>
  <testcase name="login" time="5.005" classname="BasicSelenium.NewToursBasicTestcases"/>
  <testcase name="selectOneWay" time="0.16" classname="BasicSelenium.NewToursBasicTestcases"/>
  <testcase name="SelectPassangers" time="0.301" classname="BasicSelenium.NewToursBasicTestcases"/>
  <testcase name="logout" time="1.975" classname="BasicSelenium.NewToursBasicTestcases"/>
  <testcase name="support" time="1.091" classname="BasicSelenium.NewToursBasicTestcases"/>
</testsuite> <!-- Default test -->
