<?xml version="1.0" encoding="UTF-8"?>
<testng-results skipped="0" failed="0" total="1" passed="1">
  <reporter-output>
  </reporter-output>
  <suite name="Default suite" duration-ms="66" started-at="2019-10-20T05:44:23Z" finished-at="2019-10-20T05:44:23Z">
    <groups>
    </groups>
    <test name="Default test" duration-ms="66" started-at="2019-10-20T05:44:23Z" finished-at="2019-10-20T05:44:23Z">
      <class name="collections.MapInterface">
        <test-method status="PASS" signature="test2()[pri:0, instance:collections.MapInterface@3d9750]" name="test2" duration-ms="33" started-at="2019-10-19T22:44:23Z" finished-at="2019-10-19T22:44:23Z">
          <reporter-output>
          </reporter-output>
        </test-method> <!-- test2 -->
      </class> <!-- collections.MapInterface -->
    </test> <!-- Default test -->
  </suite> <!-- Default suite -->
</testng-results>
