<?xml version="1.0" encoding="UTF-8"?>
<testng-results skipped="0" failed="0" total="1" passed="1">
  <reporter-output>
  </reporter-output>
  <suite name="Default suite" duration-ms="3968" started-at="2019-11-02T06:41:55Z" finished-at="2019-11-02T06:41:59Z">
    <groups>
    </groups>
    <test name="Default test" duration-ms="3968" started-at="2019-11-02T06:41:55Z" finished-at="2019-11-02T06:41:59Z">
      <class name="BasicApiTesting.TC_DeleteRecord">
        <test-method status="PASS" signature="test1()[pri:0, instance:BasicApiTesting.TC_DeleteRecord@a9e816]" name="test1" duration-ms="3929" started-at="2019-11-01T23:41:55Z" finished-at="2019-11-01T23:41:59Z">
          <reporter-output>
          </reporter-output>
        </test-method> <!-- test1 -->
      </class> <!-- BasicApiTesting.TC_DeleteRecord -->
    </test> <!-- Default test -->
  </suite> <!-- Default suite -->
</testng-results>
