<?xml version="1.0" encoding="UTF-8"?>
<!-- Generated by org.testng.reporters.JUnitXMLReporter -->
<testsuite hostname="ganesh" name="Chat Test" tests="6" failures="0" timestamp="19 Oct 2019 07:00:05 GMT" time="0.087" errors="0">
  <testcase name="test1" time="0.009" classname="BasicTestNGAnnotations.PersonalChat"/>
  <testcase name="test2" time="0.002" classname="BasicTestNGAnnotations.PersonalChat"/>
  <testcase name="test3" time="0.002" classname="BasicTestNGAnnotations.PersonalChat"/>
  <testcase name="test1" time="0.002" classname="BasicTestNGAnnotations.GroupChat">
    <skipped/>
  </testcase> <!-- test1 -->
  <testcase name="test2" time="0.002" classname="BasicTestNGAnnotations.GroupChat"/>
  <testcase name="test3" time="0.001" classname="BasicTestNGAnnotations.GroupChat"/>
</testsuite> <!-- Chat Test -->
